Using pre-set license
Built from '2021.1/release' branch; Version is '2021.1.0f1 (61a549675243) revision 6399305'; Using compiler version '192528614'; Build Type 'Release'
OS: 'Windows 10 Pro for Workstations; OS build 19042.1320; Version 2009; 64bit' Language: 'en' Physical Memory: 20385 MB
BatchMode: 1, IsHumanControllingUs: 0, StartBugReporterOnCrash: 0, Is64bit: 1, IsPro: 0

 COMMAND LINE ARGUMENTS:
C:\Program Files\Unity\Hub\Editor\2021.1.0f1\Editor\Unity.exe
-adb2
-batchMode
-noUpm
-name
AssetImportWorker0
-projectPath
F:/Unity/HangMan
-logFile
Logs/AssetImportWorker0.log
-srvPort
4843
Successfully changed project path to: F:/Unity/HangMan
F:/Unity/HangMan
Using Asset Import Pipeline V2.
Refreshing native plugins compatible for Editor in 76.12 ms, found 1 plugins.
Preloading 0 native plugins for Editor in 0.00 ms.
Initialize engine version: 2021.1.0f1 (61a549675243)
[Subsystems] Discovering subsystems at path C:/Program Files/Unity/Hub/Editor/2021.1.0f1/Editor/Data/Resources/UnitySubsystems
[Subsystems] Discovering subsystems at path F:/Unity/HangMan/Assets
GfxDevice: creating device client; threaded=0; jobified=0
Direct3D:
    Version:  Direct3D 11.0 [level 11.1]
    Renderer: AMD FirePro M5100 (ID=0x6821)
    Vendor:   ATI
    VRAM:     2028 MB
    Driver:   22.19.693.256
Initialize mono
Mono path[0] = 'C:/Program Files/Unity/Hub/Editor/2021.1.0f1/Editor/Data/Managed'
Mono path[1] = 'C:/Program Files/Unity/Hub/Editor/2021.1.0f1/Editor/Data/MonoBleedingEdge/lib/mono/unityjit'
Mono config path = 'C:/Program Files/Unity/Hub/Editor/2021.1.0f1/Editor/Data/MonoBleedingEdge/etc'
Using monoOptions --debugger-agent=transport=dt_socket,embedding=1,server=y,suspend=n,address=127.0.0.1:56740
Begin MonoManager ReloadAssembly
Registering precompiled unity dll's ...
Register platform support module: C:/Program Files/Unity/Hub/Editor/2021.1.0f1/Editor/Data/PlaybackEngines/WindowsStandaloneSupport/UnityEditor.WindowsStandalone.Extensions.dll
Registered in 0.001414 seconds.
Native extension for WindowsStandalone target not found
Refreshing native plugins compatible for Editor in 84.21 ms, found 1 plugins.
Preloading 0 native plugins for Editor in 0.00 ms.
Mono: successfully reloaded assembly
- Completed reload, in  1.437 seconds
Platform modules already initialized, skipping
Registering precompiled user dll's ...
Registered in 0.002267 seconds.
Begin MonoManager ReloadAssembly
Native extension for WindowsStandalone target not found
Refreshing native plugins compatible for Editor in 0.55 ms, found 1 plugins.
Preloading 0 native plugins for Editor in 0.00 ms.
Mono: successfully reloaded assembly
- Completed reload, in  1.045 seconds
Platform modules already initialized, skipping
========================================================================
Worker process is ready to serve import requests
Launched and connected shader compiler UnityShaderCompiler.exe after 0.04 seconds
Refreshing native plugins compatible for Editor in 0.63 ms, found 1 plugins.
Preloading 0 native plugins for Editor in 0.00 ms.
Unloading 2665 Unused Serialized files (Serialized files now loaded: 0)
System memory in use before: 98.1 MB.
System memory in use after: 98.2 MB.

Unloading 15 unused Assets to reduce memory usage. Loaded Objects now: 3117.
Total: 2.584100 ms (FindLiveObjects: 0.269800 ms CreateObjectMapping: 0.147100 ms MarkObjects: 2.091700 ms  DeleteObjects: 0.073800 ms)

========================================================================
Received Import Request.
  path: Assets/Words
  artifactKey: Guid(2fad1a21b15ff1f45806b5b465507170) Importer(815301076,1909f56bfc062723c751e8b465ee728b)
Start importing Assets/Words using Guid(2fad1a21b15ff1f45806b5b465507170) Importer(815301076,1909f56bfc062723c751e8b465ee728b)  -> (artifact id: '68023d014c7a9392b588956c94df953f') in 0.006179 seconds 
========================================================================
Received Import Request.
  Time since last request: 75.826002 seconds.
  path: Assets/Words/words.txt
  artifactKey: Guid(40b3915f1bcf5f241b56cee060a4123a) Importer(815301076,1909f56bfc062723c751e8b465ee728b)
Start importing Assets/Words/words.txt using Guid(40b3915f1bcf5f241b56cee060a4123a) Importer(815301076,1909f56bfc062723c751e8b465ee728b)  -> (artifact id: '91d9a95a38a6b1d0ad209a3f42e26d12') in 0.030674 seconds 
========================================================================
Received Import Request.
  Time since last request: 13.853956 seconds.
  path: Assets/Scripts/GameController.cs
  artifactKey: Guid(81c4cd34bef500541a248296cca3a510) Importer(815301076,1909f56bfc062723c751e8b465ee728b)
Start importing Assets/Scripts/GameController.cs using Guid(81c4cd34bef500541a248296cca3a510) Importer(815301076,1909f56bfc062723c751e8b465ee728b)  -> (artifact id: '686889729fdc59cd047cc45a87d76f1b') in 0.007245 seconds 
========================================================================
Received Import Request.
  Time since last request: 49.077826 seconds.
  path: Assets/Scripts/GameController.cs
  artifactKey: Guid(81c4cd34bef500541a248296cca3a510) Importer(815301076,1909f56bfc062723c751e8b465ee728b)
Start importing Assets/Scripts/GameController.cs using Guid(81c4cd34bef500541a248296cca3a510) Importer(815301076,1909f56bfc062723c751e8b465ee728b)  -> (artifact id: '3bd3a3bbba7b2fc0157356e4a9744c19') in 0.001404 seconds 
========================================================================
Received Import Request.
  Time since last request: 36.778535 seconds.
  path: Assets/Scripts/GameController.cs
  artifactKey: Guid(81c4cd34bef500541a248296cca3a510) Importer(815301076,1909f56bfc062723c751e8b465ee728b)
Start importing Assets/Scripts/GameController.cs using Guid(81c4cd34bef500541a248296cca3a510) Importer(815301076,1909f56bfc062723c751e8b465ee728b)  -> (artifact id: '856412a50a9e9cc93a8c9ac5d18e4699') in 0.001018 seconds 
========================================================================
Received Prepare
Registering precompiled user dll's ...
Registered in 0.001959 seconds.
Begin MonoManager ReloadAssembly
Native extension for WindowsStandalone target not found
Refreshing native plugins compatible for Editor in 0.63 ms, found 1 plugins.
Preloading 0 native plugins for Editor in 0.00 ms.
Mono: successfully reloaded assembly
- Completed reload, in  1.005 seconds
Platform modules already initialized, skipping
Refreshing native plugins compatible for Editor in 0.57 ms, found 1 plugins.
Preloading 0 native plugins for Editor in 0.00 ms.
Unloading 2660 Unused Serialized files (Serialized files now loaded: 0)
System memory in use before: 98.1 MB.
System memory in use after: 98.3 MB.

Unloading 10 unused Assets to reduce memory usage. Loaded Objects now: 3120.
Total: 2.594500 ms (FindLiveObjects: 0.274900 ms CreateObjectMapping: 0.148300 ms MarkObjects: 2.096400 ms  DeleteObjects: 0.074000 ms)

========================================================================
Received Import Request.
  Time since last request: 60.667778 seconds.
  path: Assets/Scenes/GameScene.unity
  artifactKey: Guid(9fc0d4010bbf28b4594072e72b8655ab) Importer(815301076,1909f56bfc062723c751e8b465ee728b)
Start importing Assets/Scenes/GameScene.unity using Guid(9fc0d4010bbf28b4594072e72b8655ab) Importer(815301076,1909f56bfc062723c751e8b465ee728b)  -> (artifact id: '5447483a00b3e97350f39840ef4389e4') in 0.012775 seconds 
========================================================================
Received Prepare
Registering precompiled user dll's ...
Registered in 0.002069 seconds.
Begin MonoManager ReloadAssembly
Native extension for WindowsStandalone target not found
Refreshing native plugins compatible for Editor in 0.59 ms, found 1 plugins.
Preloading 0 native plugins for Editor in 0.00 ms.
Mono: successfully reloaded assembly
- Completed reload, in  0.983 seconds
Platform modules already initialized, skipping
Refreshing native plugins compatible for Editor in 0.59 ms, found 1 plugins.
Preloading 0 native plugins for Editor in 0.00 ms.
Unloading 2660 Unused Serialized files (Serialized files now loaded: 0)
System memory in use before: 98.1 MB.
System memory in use after: 98.3 MB.

Unloading 10 unused Assets to reduce memory usage. Loaded Objects now: 3123.
Total: 3.085800 ms (FindLiveObjects: 0.358400 ms CreateObjectMapping: 0.309600 ms MarkObjects: 2.331800 ms  DeleteObjects: 0.085200 ms)

========================================================================
Received Prepare
Registering precompiled user dll's ...
Registered in 0.002179 seconds.
Begin MonoManager ReloadAssembly
Native extension for WindowsStandalone target not found
Refreshing native plugins compatible for Editor in 0.57 ms, found 1 plugins.
Preloading 0 native plugins for Editor in 0.00 ms.
Mono: successfully reloaded assembly
- Completed reload, in  1.009 seconds
Platform modules already initialized, skipping
Refreshing native plugins compatible for Editor in 0.55 ms, found 1 plugins.
Preloading 0 native plugins for Editor in 0.00 ms.
Unloading 2660 Unused Serialized files (Serialized files now loaded: 0)
System memory in use before: 98.2 MB.
System memory in use after: 98.4 MB.

Unloading 10 unused Assets to reduce memory usage. Loaded Objects now: 3126.
Total: 2.601500 ms (FindLiveObjects: 0.412800 ms CreateObjectMapping: 0.194200 ms MarkObjects: 1.935100 ms  DeleteObjects: 0.057300 ms)

========================================================================
Received Prepare
Registering precompiled user dll's ...
Registered in 0.002014 seconds.
Begin MonoManager ReloadAssembly
Native extension for WindowsStandalone target not found
Refreshing native plugins compatible for Editor in 0.59 ms, found 1 plugins.
Preloading 0 native plugins for Editor in 0.00 ms.
Mono: successfully reloaded assembly
- Completed reload, in  0.991 seconds
Platform modules already initialized, skipping
Refreshing native plugins compatible for Editor in 0.57 ms, found 1 plugins.
Preloading 0 native plugins for Editor in 0.00 ms.
Unloading 2660 Unused Serialized files (Serialized files now loaded: 0)
System memory in use before: 98.2 MB.
System memory in use after: 98.4 MB.

Unloading 10 unused Assets to reduce memory usage. Loaded Objects now: 3129.
Total: 2.494000 ms (FindLiveObjects: 0.298600 ms CreateObjectMapping: 0.188900 ms MarkObjects: 1.954500 ms  DeleteObjects: 0.051000 ms)

========================================================================
Received Import Request.
  Time since last request: 2122.199989 seconds.
  path: Assets/Scripts/ResetController.cs
  artifactKey: Guid(c1f7623fd32767a46bcf1ecc1c97bde2) Importer(815301076,1909f56bfc062723c751e8b465ee728b)
Start importing Assets/Scripts/ResetController.cs using Guid(c1f7623fd32767a46bcf1ecc1c97bde2) Importer(815301076,1909f56bfc062723c751e8b465ee728b)  -> (artifact id: '6a5307eb0dcbe8c014cea249d443f901') in 0.008397 seconds 
========================================================================
Received Prepare
Registering precompiled user dll's ...
Registered in 0.001946 seconds.
Begin MonoManager ReloadAssembly
Native extension for WindowsStandalone target not found
Refreshing native plugins compatible for Editor in 0.58 ms, found 1 plugins.
Preloading 0 native plugins for Editor in 0.00 ms.
Mono: successfully reloaded assembly
- Completed reload, in  1.022 seconds
Platform modules already initialized, skipping
Refreshing native plugins compatible for Editor in 0.57 ms, found 1 plugins.
Preloading 0 native plugins for Editor in 0.00 ms.
Unloading 2661 Unused Serialized files (Serialized files now loaded: 0)
System memory in use before: 98.2 MB.
System memory in use after: 98.4 MB.

Unloading 10 unused Assets to reduce memory usage. Loaded Objects now: 3133.
Total: 3.787900 ms (FindLiveObjects: 0.549600 ms CreateObjectMapping: 0.307700 ms MarkObjects: 2.862700 ms  DeleteObjects: 0.066900 ms)

========================================================================
Received Prepare
Registering precompiled user dll's ...
Registered in 0.002432 seconds.
Begin MonoManager ReloadAssembly
Native extension for WindowsStandalone target not found
Refreshing native plugins compatible for Editor in 0.60 ms, found 1 plugins.
Preloading 0 native plugins for Editor in 0.00 ms.
Mono: successfully reloaded assembly
- Completed reload, in  0.989 seconds
Platform modules already initialized, skipping
Refreshing native plugins compatible for Editor in 0.63 ms, found 1 plugins.
Preloading 0 native plugins for Editor in 0.00 ms.
Unloading 2661 Unused Serialized files (Serialized files now loaded: 0)
System memory in use before: 98.2 MB.
System memory in use after: 98.4 MB.

Unloading 10 unused Assets to reduce memory usage. Loaded Objects now: 3136.
Total: 2.659200 ms (FindLiveObjects: 0.621000 ms CreateObjectMapping: 0.129800 ms MarkObjects: 1.841200 ms  DeleteObjects: 0.062800 ms)

========================================================================
Received Import Request.
  Time since last request: 512.176991 seconds.
  path: Assets/Scripts/ResetController.cs
  artifactKey: Guid(c1f7623fd32767a46bcf1ecc1c97bde2) Importer(815301076,1909f56bfc062723c751e8b465ee728b)
Start importing Assets/Scripts/ResetController.cs using Guid(c1f7623fd32767a46bcf1ecc1c97bde2) Importer(815301076,1909f56bfc062723c751e8b465ee728b)  -> (artifact id: '0996159a46f752697a14eaa1fad15dca') in 0.005065 seconds 
========================================================================
Received Import Request.
  Time since last request: 63.085916 seconds.
  path: Assets/Scripts/ReplayButtonController.cs
  artifactKey: Guid(c1f7623fd32767a46bcf1ecc1c97bde2) Importer(815301076,1909f56bfc062723c751e8b465ee728b)
Start importing Assets/Scripts/ReplayButtonController.cs using Guid(c1f7623fd32767a46bcf1ecc1c97bde2) Importer(815301076,1909f56bfc062723c751e8b465ee728b)  -> (artifact id: '9692b03a5222e33dc79e1e45615e8d0a') in 0.001201 seconds 
========================================================================
Received Prepare
Registering precompiled user dll's ...
Registered in 0.001939 seconds.
Begin MonoManager ReloadAssembly
Native extension for WindowsStandalone target not found
Refreshing native plugins compatible for Editor in 0.85 ms, found 1 plugins.
Preloading 0 native plugins for Editor in 0.00 ms.
Mono: successfully reloaded assembly
- Completed reload, in  0.985 seconds
Platform modules already initialized, skipping
Refreshing native plugins compatible for Editor in 0.60 ms, found 1 plugins.
Preloading 0 native plugins for Editor in 0.00 ms.
Unloading 2661 Unused Serialized files (Serialized files now loaded: 0)
System memory in use before: 98.2 MB.
System memory in use after: 98.4 MB.

Unloading 10 unused Assets to reduce memory usage. Loaded Objects now: 3139.
Total: 2.570600 ms (FindLiveObjects: 0.264300 ms CreateObjectMapping: 0.148000 ms MarkObjects: 2.085200 ms  DeleteObjects: 0.072000 ms)

========================================================================
Received Prepare
Registering precompiled user dll's ...
Registered in 0.001983 seconds.
Begin MonoManager ReloadAssembly
Native extension for WindowsStandalone target not found
Refreshing native plugins compatible for Editor in 0.63 ms, found 1 plugins.
Preloading 0 native plugins for Editor in 0.00 ms.
Mono: successfully reloaded assembly
- Completed reload, in  0.987 seconds
Platform modules already initialized, skipping
Refreshing native plugins compatible for Editor in 0.59 ms, found 1 plugins.
Preloading 0 native plugins for Editor in 0.00 ms.
Unloading 2660 Unused Serialized files (Serialized files now loaded: 0)
System memory in use before: 98.2 MB.
System memory in use after: 98.4 MB.

Unloading 11 unused Assets to reduce memory usage. Loaded Objects now: 3141.
Total: 2.405700 ms (FindLiveObjects: 0.300200 ms CreateObjectMapping: 0.149400 ms MarkObjects: 1.896100 ms  DeleteObjects: 0.058600 ms)

========================================================================
Received Import Request.
  Time since last request: 71.938325 seconds.
  path: Assets/Scripts/ReplayButton.cs
  artifactKey: Guid(5d167f7cf366b82489b50205c352f90d) Importer(815301076,1909f56bfc062723c751e8b465ee728b)
Start importing Assets/Scripts/ReplayButton.cs using Guid(5d167f7cf366b82489b50205c352f90d) Importer(815301076,1909f56bfc062723c751e8b465ee728b)  -> (artifact id: '389726ae68621db19c4aff192ae8bc0c') in 0.005636 seconds 
========================================================================
Received Prepare
Registering precompiled user dll's ...
Registered in 0.001999 seconds.
Begin MonoManager ReloadAssembly
Native extension for WindowsStandalone target not found
Refreshing native plugins compatible for Editor in 0.58 ms, found 1 plugins.
Preloading 0 native plugins for Editor in 0.00 ms.
Mono: successfully reloaded assembly
- Completed reload, in  0.999 seconds
Platform modules already initialized, skipping
Refreshing native plugins compatible for Editor in 0.92 ms, found 1 plugins.
Preloading 0 native plugins for Editor in 0.00 ms.
Unloading 2661 Unused Serialized files (Serialized files now loaded: 0)
System memory in use before: 98.2 MB.
System memory in use after: 98.4 MB.

Unloading 10 unused Assets to reduce memory usage. Loaded Objects now: 3145.
Total: 2.910100 ms (FindLiveObjects: 0.334000 ms CreateObjectMapping: 0.278200 ms MarkObjects: 2.243200 ms  DeleteObjects: 0.053500 ms)

========================================================================
Received Prepare
Registering precompiled user dll's ...
Registered in 0.001974 seconds.
Begin MonoManager ReloadAssembly
Native extension for WindowsStandalone target not found
Refreshing native plugins compatible for Editor in 0.59 ms, found 1 plugins.
Preloading 0 native plugins for Editor in 0.00 ms.
Mono: successfully reloaded assembly
- Completed reload, in  1.006 seconds
Platform modules already initialized, skipping
Refreshing native plugins compatible for Editor in 0.56 ms, found 1 plugins.
Preloading 0 native plugins for Editor in 0.00 ms.
Unloading 2661 Unused Serialized files (Serialized files now loaded: 0)
System memory in use before: 98.2 MB.
System memory in use after: 98.4 MB.

Unloading 10 unused Assets to reduce memory usage. Loaded Objects now: 3148.
Total: 2.518900 ms (FindLiveObjects: 0.266400 ms CreateObjectMapping: 0.129600 ms MarkObjects: 2.067700 ms  DeleteObjects: 0.053900 ms)

========================================================================
Received Import Request.
  Time since last request: 28.663646 seconds.
  path: Assets/Scripts/ReplayButton.cs
  artifactKey: Guid(5d167f7cf366b82489b50205c352f90d) Importer(815301076,1909f56bfc062723c751e8b465ee728b)
Start importing Assets/Scripts/ReplayButton.cs using Guid(5d167f7cf366b82489b50205c352f90d) Importer(815301076,1909f56bfc062723c751e8b465ee728b)  -> (artifact id: 'f3507bec1cea1bb49e7a99773c7f101a') in 0.005070 seconds 
========================================================================
Received Prepare
Registering precompiled user dll's ...
Registered in 0.002338 seconds.
Begin MonoManager ReloadAssembly
Native extension for WindowsStandalone target not found
Refreshing native plugins compatible for Editor in 0.59 ms, found 1 plugins.
Preloading 0 native plugins for Editor in 0.00 ms.
Mono: successfully reloaded assembly
- Completed reload, in  0.997 seconds
Platform modules already initialized, skipping
Refreshing native plugins compatible for Editor in 0.56 ms, found 1 plugins.
Preloading 0 native plugins for Editor in 0.00 ms.
Unloading 2661 Unused Serialized files (Serialized files now loaded: 0)
System memory in use before: 98.2 MB.
System memory in use after: 98.4 MB.

Unloading 10 unused Assets to reduce memory usage. Loaded Objects now: 3151.
Total: 2.223500 ms (FindLiveObjects: 0.237300 ms CreateObjectMapping: 0.119200 ms MarkObjects: 1.814300 ms  DeleteObjects: 0.051900 ms)

========================================================================
Received Import Request.
  Time since last request: 236.220505 seconds.
  path: Assets/Scripts/ReplayButton.cs
  artifactKey: Guid(5d167f7cf366b82489b50205c352f90d) Importer(815301076,1909f56bfc062723c751e8b465ee728b)
Start importing Assets/Scripts/ReplayButton.cs using Guid(5d167f7cf366b82489b50205c352f90d) Importer(815301076,1909f56bfc062723c751e8b465ee728b)  -> (artifact id: '1b8d2b640ede918ece704cf2ad052e3b') in 0.005247 seconds 
========================================================================
Received Prepare
Registering precompiled user dll's ...
Registered in 0.001919 seconds.
Begin MonoManager ReloadAssembly
Native extension for WindowsStandalone target not found
Refreshing native plugins compatible for Editor in 0.59 ms, found 1 plugins.
Preloading 0 native plugins for Editor in 0.00 ms.
Mono: successfully reloaded assembly
- Completed reload, in  0.973 seconds
Platform modules already initialized, skipping
Refreshing native plugins compatible for Editor in 0.59 ms, found 1 plugins.
Preloading 0 native plugins for Editor in 0.00 ms.
Unloading 2661 Unused Serialized files (Serialized files now loaded: 0)
System memory in use before: 98.2 MB.
System memory in use after: 98.4 MB.

Unloading 10 unused Assets to reduce memory usage. Loaded Objects now: 3154.
Total: 2.884300 ms (FindLiveObjects: 0.302600 ms CreateObjectMapping: 0.144600 ms MarkObjects: 2.376200 ms  DeleteObjects: 0.057700 ms)

========================================================================
Received Import Request.
  Time since last request: 36.426721 seconds.
  path: Assets/Scripts/ReplayButton.cs
  artifactKey: Guid(5d167f7cf366b82489b50205c352f90d) Importer(815301076,1909f56bfc062723c751e8b465ee728b)
Start importing Assets/Scripts/ReplayButton.cs using Guid(5d167f7cf366b82489b50205c352f90d) Importer(815301076,1909f56bfc062723c751e8b465ee728b)  -> (artifact id: 'bac68dac3ff0332a4c8dd0d5804aac76') in 0.004970 seconds 
========================================================================
Received Prepare
Registering precompiled user dll's ...
Registered in 0.001965 seconds.
Begin MonoManager ReloadAssembly
Native extension for WindowsStandalone target not found
Refreshing native plugins compatible for Editor in 0.62 ms, found 1 plugins.
Preloading 0 native plugins for Editor in 0.00 ms.
Mono: successfully reloaded assembly
- Completed reload, in  0.983 seconds
Platform modules already initialized, skipping
Refreshing native plugins compatible for Editor in 0.64 ms, found 1 plugins.
Preloading 0 native plugins for Editor in 0.00 ms.
Unloading 2661 Unused Serialized files (Serialized files now loaded: 0)
System memory in use before: 98.2 MB.
System memory in use after: 98.4 MB.

Unloading 10 unused Assets to reduce memory usage. Loaded Objects now: 3157.
Total: 2.872600 ms (FindLiveObjects: 0.293400 ms CreateObjectMapping: 0.146200 ms MarkObjects: 2.365300 ms  DeleteObjects: 0.066200 ms)

========================================================================
Received Prepare
Registering precompiled user dll's ...
Registered in 0.001988 seconds.
Begin MonoManager ReloadAssembly
Native extension for WindowsStandalone target not found
Refreshing native plugins compatible for Editor in 0.58 ms, found 1 plugins.
Preloading 0 native plugins for Editor in 0.00 ms.
Mono: successfully reloaded assembly
- Completed reload, in  0.977 seconds
Platform modules already initialized, skipping
Refreshing native plugins compatible for Editor in 0.64 ms, found 1 plugins.
Preloading 0 native plugins for Editor in 0.00 ms.
Unloading 2661 Unused Serialized files (Serialized files now loaded: 0)
System memory in use before: 98.3 MB.
System memory in use after: 98.5 MB.

Unloading 10 unused Assets to reduce memory usage. Loaded Objects now: 3160.
Total: 2.756400 ms (FindLiveObjects: 0.361400 ms CreateObjectMapping: 0.133700 ms MarkObjects: 2.211900 ms  DeleteObjects: 0.048200 ms)

========================================================================
Received Prepare
Registering precompiled user dll's ...
Registered in 0.001903 seconds.
Begin MonoManager ReloadAssembly
Native extension for WindowsStandalone target not found
Refreshing native plugins compatible for Editor in 0.59 ms, found 1 plugins.
Preloading 0 native plugins for Editor in 0.00 ms.
Mono: successfully reloaded assembly
- Completed reload, in  0.997 seconds
Platform modules already initialized, skipping
Refreshing native plugins compatible for Editor in 0.61 ms, found 1 plugins.
Preloading 0 native plugins for Editor in 0.00 ms.
Unloading 2661 Unused Serialized files (Serialized files now loaded: 0)
System memory in use before: 98.3 MB.
System memory in use after: 98.4 MB.

Unloading 10 unused Assets to reduce memory usage. Loaded Objects now: 3163.
Total: 4.721400 ms (FindLiveObjects: 0.395900 ms CreateObjectMapping: 0.307900 ms MarkObjects: 3.926900 ms  DeleteObjects: 0.089100 ms)

========================================================================
Received Prepare
Registering precompiled user dll's ...
Registered in 0.001981 seconds.
Begin MonoManager ReloadAssembly
Native extension for WindowsStandalone target not found
Refreshing native plugins compatible for Editor in 0.57 ms, found 1 plugins.
Preloading 0 native plugins for Editor in 0.00 ms.
Mono: successfully reloaded assembly
- Completed reload, in  0.991 seconds
Platform modules already initialized, skipping
Refreshing native plugins compatible for Editor in 0.60 ms, found 1 plugins.
Preloading 0 native plugins for Editor in 0.00 ms.
Unloading 2661 Unused Serialized files (Serialized files now loaded: 0)
System memory in use before: 98.3 MB.
System memory in use after: 98.5 MB.

Unloading 10 unused Assets to reduce memory usage. Loaded Objects now: 3166.
Total: 2.586300 ms (FindLiveObjects: 0.249100 ms CreateObjectMapping: 0.126500 ms MarkObjects: 2.145800 ms  DeleteObjects: 0.063500 ms)

========================================================================
Received Prepare
Registering precompiled user dll's ...
Registered in 0.002141 seconds.
Begin MonoManager ReloadAssembly
Native extension for WindowsStandalone target not found
Refreshing native plugins compatible for Editor in 0.68 ms, found 1 plugins.
Preloading 0 native plugins for Editor in 0.00 ms.
Mono: successfully reloaded assembly
- Completed reload, in  1.017 seconds
Platform modules already initialized, skipping
Refreshing native plugins compatible for Editor in 0.58 ms, found 1 plugins.
Preloading 0 native plugins for Editor in 0.00 ms.
Unloading 2661 Unused Serialized files (Serialized files now loaded: 0)
System memory in use before: 98.3 MB.
System memory in use after: 98.5 MB.

Unloading 10 unused Assets to reduce memory usage. Loaded Objects now: 3169.
Total: 2.621200 ms (FindLiveObjects: 0.270800 ms CreateObjectMapping: 0.132700 ms MarkObjects: 2.153100 ms  DeleteObjects: 0.063400 ms)

========================================================================
Received Import Request.
  Time since last request: 721.598663 seconds.
  path: Assets/Scripts/ReplayButton.cs
  artifactKey: Guid(5d167f7cf366b82489b50205c352f90d) Importer(815301076,1909f56bfc062723c751e8b465ee728b)
Start importing Assets/Scripts/ReplayButton.cs using Guid(5d167f7cf366b82489b50205c352f90d) Importer(815301076,1909f56bfc062723c751e8b465ee728b)  -> (artifact id: '25ffc073419b712c083938fb3e85f89d') in 0.005247 seconds 
========================================================================
Received Import Request.
  Time since last request: 214.540979 seconds.
  path: Assets/Scripts/GameController.cs
  artifactKey: Guid(81c4cd34bef500541a248296cca3a510) Importer(815301076,1909f56bfc062723c751e8b465ee728b)
Start importing Assets/Scripts/GameController.cs using Guid(81c4cd34bef500541a248296cca3a510) Importer(815301076,1909f56bfc062723c751e8b465ee728b)  -> (artifact id: '00de8e1978432906e832604f8ffea735') in 0.001371 seconds 
========================================================================
Received Import Request.
  Time since last request: 133.795229 seconds.
  path: Assets/Scripts/GameController.cs
  artifactKey: Guid(81c4cd34bef500541a248296cca3a510) Importer(815301076,1909f56bfc062723c751e8b465ee728b)
Start importing Assets/Scripts/GameController.cs using Guid(81c4cd34bef500541a248296cca3a510) Importer(815301076,1909f56bfc062723c751e8b465ee728b)  -> (artifact id: '9c1b98a0f12d8451bed40e3d7d9488e5') in 0.001250 seconds 
========================================================================
Received Prepare
Registering precompiled user dll's ...
Registered in 0.002058 seconds.
Begin MonoManager ReloadAssembly
Native extension for WindowsStandalone target not found
Refreshing native plugins compatible for Editor in 0.66 ms, found 1 plugins.
Preloading 0 native plugins for Editor in 0.00 ms.
Mono: successfully reloaded assembly
- Completed reload, in  0.972 seconds
Platform modules already initialized, skipping
Refreshing native plugins compatible for Editor in 0.56 ms, found 1 plugins.
Preloading 0 native plugins for Editor in 0.00 ms.
Unloading 2661 Unused Serialized files (Serialized files now loaded: 0)
System memory in use before: 98.3 MB.
System memory in use after: 98.5 MB.

Unloading 10 unused Assets to reduce memory usage. Loaded Objects now: 3172.
Total: 2.580200 ms (FindLiveObjects: 0.251300 ms CreateObjectMapping: 0.123000 ms MarkObjects: 2.141800 ms  DeleteObjects: 0.063200 ms)

========================================================================
Received Import Request.
  Time since last request: 39.807765 seconds.
  path: Assets/Scripts/GameController.cs
  artifactKey: Guid(81c4cd34bef500541a248296cca3a510) Importer(815301076,1909f56bfc062723c751e8b465ee728b)
Start importing Assets/Scripts/GameController.cs using Guid(81c4cd34bef500541a248296cca3a510) Importer(815301076,1909f56bfc062723c751e8b465ee728b)  -> (artifact id: 'fda2fe6564f6db7041d70073a6fa6d7b') in 0.005184 seconds 
========================================================================
Received Prepare
Registering precompiled user dll's ...
Registered in 0.001964 seconds.
Begin MonoManager ReloadAssembly
Native extension for WindowsStandalone target not found
Refreshing native plugins compatible for Editor in 0.59 ms, found 1 plugins.
Preloading 0 native plugins for Editor in 0.00 ms.
Mono: successfully reloaded assembly
- Completed reload, in  0.992 seconds
Platform modules already initialized, skipping
Refreshing native plugins compatible for Editor in 0.57 ms, found 1 plugins.
Preloading 0 native plugins for Editor in 0.00 ms.
Unloading 2661 Unused Serialized files (Serialized files now loaded: 0)
System memory in use before: 98.3 MB.
System memory in use after: 98.5 MB.

Unloading 10 unused Assets to reduce memory usage. Loaded Objects now: 3175.
Total: 2.662500 ms (FindLiveObjects: 0.287700 ms CreateObjectMapping: 0.157800 ms MarkObjects: 2.156200 ms  DeleteObjects: 0.059500 ms)

========================================================================
Received Prepare
Refreshing native plugins compatible for Editor in 1.57 ms, found 1 plugins.
Preloading 0 native plugins for Editor in 0.00 ms.
Unloading 8 Unused Serialized files (Serialized files now loaded: 0)
System memory in use before: 45.7 MB.
System memory in use after: 45.9 MB.

Unloading 8 unused Assets to reduce memory usage. Loaded Objects now: 3175.
Total: 3.963500 ms (FindLiveObjects: 0.658400 ms CreateObjectMapping: 0.392400 ms MarkObjects: 2.849300 ms  DeleteObjects: 0.061000 ms)

========================================================================
Received Prepare
Registering precompiled user dll's ...
Registered in 0.002007 seconds.
Begin MonoManager ReloadAssembly
Native extension for WindowsStandalone target not found
Refreshing native plugins compatible for Editor in 0.72 ms, found 1 plugins.
Preloading 0 native plugins for Editor in 0.00 ms.
Mono: successfully reloaded assembly
- Completed reload, in  1.001 seconds
Platform modules already initialized, skipping
Refreshing native plugins compatible for Editor in 0.90 ms, found 1 plugins.
Preloading 0 native plugins for Editor in 0.00 ms.
Unloading 2661 Unused Serialized files (Serialized files now loaded: 0)
System memory in use before: 98.4 MB.
System memory in use after: 98.6 MB.

Unloading 10 unused Assets to reduce memory usage. Loaded Objects now: 3178.
Total: 2.951000 ms (FindLiveObjects: 0.261100 ms CreateObjectMapping: 0.125900 ms MarkObjects: 2.479600 ms  DeleteObjects: 0.082400 ms)

AssetImportWorkerClient::OnTransportError - code=2 error=End of file
